[1109/171331.209:ERROR:directory_reader_win.cc(43)] FindFirstFile: The system cannot find the path specified. (0x3)
[1128/153521.729:ERROR:directory_reader_win.cc(43)] FindFirstFile: The system cannot find the path specified. (0x3)
[1128/154547.008:ERROR:process_reader_win.cc(151)] SuspendThread: Access is denied. (0x5)
[1128/154547.010:ERROR:process_reader_win.cc(151)] SuspendThread: Access is denied. (0x5)
[1128/154547.011:ERROR:process_reader_win.cc(151)] SuspendThread: Access is denied. (0x5)
[1128/154547.012:ERROR:process_reader_win.cc(151)] SuspendThread: Access is denied. (0x5)
[1128/154547.012:ERROR:process_reader_win.cc(151)] SuspendThread: Access is denied. (0x5)
[1128/154547.015:ERROR:process_reader_win.cc(151)] SuspendThread: Access is denied. (0x5)
[1128/154547.017:ERROR:process_reader_win.cc(151)] SuspendThread: Access is denied. (0x5)
[1128/154547.018:ERROR:process_reader_win.cc(151)] SuspendThread: Access is denied. (0x5)
[1128/154547.019:ERROR:process_reader_win.cc(151)] SuspendThread: Access is denied. (0x5)
[1128/154547.020:ERROR:process_reader_win.cc(151)] SuspendThread: Access is denied. (0x5)
[1128/154547.022:ERROR:process_reader_win.cc(151)] SuspendThread: Access is denied. (0x5)
[1128/154547.022:ERROR:process_reader_win.cc(123)] NtOpenThread: An invalid Client ID was specified. (0xc000000b)
[1128/154547.055:ERROR:process_reader_win.cc(123)] NtOpenThread: An invalid Client ID was specified. (0xc000000b)
[1128/154547.055:ERROR:process_reader_win.cc(123)] NtOpenThread: An invalid Client ID was specified. (0xc000000b)
[1128/154547.055:ERROR:process_reader_win.cc(123)] NtOpenThread: An invalid Client ID was specified. (0xc000000b)
[1128/154547.055:ERROR:process_reader_win.cc(123)] NtOpenThread: An invalid Client ID was specified. (0xc000000b)
[1128/154547.055:ERROR:process_reader_win.cc(123)] NtOpenThread: An invalid Client ID was specified. (0xc000000b)
[1128/154547.055:ERROR:process_memory_win.cc(73)] ReadMemory at 0xa7c07fa940 of 16 bytes failed: Only part of a ReadProcessMemory or WriteProcessMemory request was completed. (0x12B)
[1128/154547.056:ERROR:exception_snapshot_win.cc(196)] EXCEPTION_POINTERS read failed
[1128/154547.056:ERROR:scoped_process_suspend.cc(40)] NtResumeProcess: An attempt was made to access an exiting process. (0xc000010a)
